<?xml version="1.0" encoding="UTF-8"?>
<!-- Generated by org.testng.reporters.JUnitReportReporter -->
<testsuite skipped="0" hostname="ManuPC" name="FlightBookingTest" tests="1" failures="0" timestamp="21 Sep 2019 05:37:19 GMT" time="6.817" errors="0">
  <testcase name="testThatResultsAppearForAOneWayJourney" time="6.817" classname="FlightBookingTest"/>
</testsuite> <!-- FlightBookingTest -->
