<?xml version="1.0" encoding="UTF-8"?>
<!-- Generated by org.testng.reporters.JUnitReportReporter -->
<testsuite skipped="0" hostname="ManuPC" name="SignInTest" tests="1" failures="0" timestamp="20 Sep 2019 17:06:27 GMT" time="12.014" errors="0">
  <testcase name="shouldThrowAnErrorIfSignInDetailsAreMissing" time="12.014" classname="SignInTest"/>
</testsuite> <!-- SignInTest -->
